<?xml version="1.0" encoding="UTF-8"?>
<!-- Generated by org.testng.reporters.JUnitXMLReporter -->
<testsuite hostname="DESKTOP-V99K18J" ignored="0" name="Default test" tests="4" failures="0" timestamp="2020-01-08T12:23:23 IST" time="0.085" errors="0">
  <testcase name="orange" time="0.016" classname="com.project1.TestDependencies"/>
  <testcase name="white" time="0.0" classname="com.project1.TestDependencies"/>
  <testcase name="blue" time="0.0" classname="com.project1.TestDependencies">
    <skipped/>
  </testcase> <!-- blue -->
  <testcase name="green" time="0.0" classname="com.project1.TestDependencies">
    <skipped/>
  </testcase> <!-- green -->
</testsuite> <!-- Default test -->
