<?xml version="1.0" encoding="UTF-8"?>
<!-- Generated by org.testng.reporters.JUnitXMLReporter -->
<testsuite hostname="DESKTOP-V99K18J" ignored="1" name="RegressionTest" tests="4" failures="0" timestamp="2020-01-06T12:36:09 IST" time="14.236" errors="0">
  <testcase name="f" time="0.007" classname="com.project.TC_001"/>
  <testcase name="f" time="0.001" classname="com.project.TC_002"/>
  <testcase name="q" time="0.0" classname="com.project.TC_002"/>
  <testcase name="amazon" time="3.227" classname="com.project.TC_003"/>
  <testcase name="z" time="0.0" classname="com.project.TC_002">
    <ignored/>
  </testcase> <!-- z -->
</testsuite> <!-- RegressionTest -->
