<?xml version="1.0" encoding="UTF-8"?>
<!-- Generated by org.testng.reporters.JUnitXMLReporter -->
<testsuite hostname="DESKTOP-V99K18J" ignored="0" name="MyTest" tests="4" failures="0" timestamp="2020-01-08T12:03:02 IST" time="83.498" errors="0">
  <testcase name="linktesting1" time="1.721" classname="com.project1.LinksTesting1"/>
  <testcase name="amazon" time="5.392" classname="com.project1.TC_003"/>
  <testcase name="radioButton1" time="0.16" classname="com.project1.RadioButton1"/>
  <testcase name="checkboxTest" time="0.113" classname="com.project1.CheckBox1"/>
</testsuite> <!-- MyTest -->
